<?xml version="1.0" encoding="UTF-8"?>
<testsuite name="java_lab.ThreadLabMainTest" tests="3" skipped="0" failures="0" errors="0" timestamp="2024-01-26T08:58:22" hostname="Macbookui-MacBookAir.local" time="1.121">
  <properties/>
  <testcase name="threadNotSafe()" classname="java_lab.ThreadLabMainTest" time="0.11"/>
  <testcase name="name()" classname="java_lab.ThreadLabMainTest" time="1.006"/>
  <testcase name="Runnable과 Thread" classname="java_lab.ThreadLabMainTest" time="0.002"/>
  <system-out><![CDATA[1
4
2
5
3
8
7
6
10
9
background 쓰레드가 종료되었습니다!
테스트 메서드 종료.
RunnableSample 클래스 run() 실행
ThreadSample 클래스 run() 실행
]]></system-out>
  <system-err><![CDATA[]]></system-err>
</testsuite>
